09-30 02:32:26 [SUCCESS] nonebot | NoneBot is initializing...
09-30 02:32:26 [INFO] nonebot | Current Env: prod
09-30 02:32:27 [SUCCESS] nonebot | Succeeded to import "nonebot_plugin_wordsnorote"
09-30 02:32:28 [SUCCESS] nonebot | Succeeded to import "nonebot_plugin_smart_reply"
09-30 02:32:28 [SUCCESS] nonebot | Succeeded to import "auto_repley"
09-30 02:32:29 [SUCCESS] nonebot | Succeeded to import "nonebot_plugin_wolf_kill"
09-30 02:32:29 [SUCCESS] nonebot | Succeeded to import "nonebot_pulgin_autoagree"
09-30 02:32:29 [SUCCESS] nonebot | Running NoneBot...
09-30 02:32:30 [INFO] uvicorn | Started server process [560]
09-30 02:32:30 [INFO] uvicorn | Waiting for application startup.
09-30 02:32:30 [INFO] uvicorn | Application startup complete.
09-30 02:32:30 [ERROR] uvicorn | [Errno 98] error while attempting to bind on address ('127.0.0.1', 59001): address already in use
09-30 02:32:30 [INFO] uvicorn | Waiting for application shutdown.
09-30 02:32:30 [INFO] uvicorn | Application shutdown complete.
09-30 02:36:47 [SUCCESS] nonebot | NoneBot is initializing...
09-30 02:36:47 [INFO] nonebot | Current Env: prod
09-30 02:36:48 [SUCCESS] nonebot | Succeeded to import "nonebot_pulgin_autoagree"
09-30 02:36:49 [SUCCESS] nonebot | Succeeded to import "nonebot_plugin_smart_reply"
09-30 02:36:49 [SUCCESS] nonebot | Succeeded to import "nonebot_plugin_wordsnorote"
09-30 02:36:50 [SUCCESS] nonebot | Succeeded to import "nonebot_plugin_wolf_kill"
09-30 02:36:50 [SUCCESS] nonebot | Succeeded to import "auto_repley"
09-30 02:36:50 [SUCCESS] nonebot | Running NoneBot...
09-30 02:36:51 [INFO] uvicorn | Started server process [722]
09-30 02:36:51 [INFO] uvicorn | Waiting for application startup.
09-30 02:36:51 [INFO] uvicorn | Application startup complete.
09-30 02:36:51 [INFO] uvicorn | Uvicorn running on http://127.0.0.1:59001 (Press CTRL+C to quit)
09-30 02:37:27 [INFO] uvicorn | ('127.0.0.1', 55618) - "WebSocket /onebot/v11/ws" [accepted]
09-30 02:37:27 [INFO] nonebot | OneBot V11 | Bot 2779948020 connected
09-30 02:37:27 [INFO] websockets | connection open
09-30 02:37:33 [SUCCESS] nonebot | ONEBOT V11 2779948020 | [message.private.friend]: Message -1259290585 from 1823251391 "社会实践"
09-30 02:37:33 [INFO] nonebot | Event will be handled by <Matcher from src.plugins.nonebot_pulgin_autoagree, type=message, priority=99, temp=False>
09-30 02:37:33 [INFO] nonebot | Matcher <Matcher from src.plugins.nonebot_pulgin_autoagree, type=message, priority=99, temp=False> running complete
09-30 02:37:33 [INFO] nonebot | Event will be handled by <Matcher from src.plugins.nonebot_plugin_smart_reply, type=message, priority=99, temp=False>
09-30 02:37:38 [SUCCESS] nonebot | ONEBOT V11 2779948020 | [message.private.friend]: Message 771330461 from 1823251391 "就是精神精神世界"
09-30 02:37:38 [INFO] nonebot | Event will be handled by <Matcher from src.plugins.nonebot_pulgin_autoagree, type=message, priority=99, temp=False>
09-30 02:37:38 [INFO] nonebot | Matcher <Matcher from src.plugins.nonebot_pulgin_autoagree, type=message, priority=99, temp=False> running complete
09-30 02:37:38 [INFO] nonebot | Event will be handled by <Matcher from src.plugins.nonebot_plugin_smart_reply, type=message, priority=99, temp=False>
09-30 02:37:39 [INFO] src | 来自青云客的智能回复: 你说的什么哦？换种说法行不
09-30 02:37:39 [INFO] nonebot | Matcher <Matcher from src.plugins.nonebot_plugin_smart_reply, type=message, priority=99, temp=False> running complete
09-30 02:37:41 [INFO] src | 来自青云客的智能回复: 问天问地，说说你，说说我
09-30 02:37:41 [INFO] nonebot | Matcher <Matcher from src.plugins.nonebot_plugin_smart_reply, type=message, priority=99, temp=False> running complete
09-30 02:37:47 [SUCCESS] nonebot | ONEBOT V11 2779948020 | [message.group.normal]: Message -1621166235 from 1823251391@[群:656572661] "@垃圾bot 来点攻击力"
09-30 02:37:52 [SUCCESS] nonebot | ONEBOT V11 2779948020 | [notice.group_recall]: {'time': 1664505467, 'self_id': 2779948020, 'post_type': 'notice', 'notice_type': 'group_recall', 'user_id': 1823251391, 'group_id': 656572661, 'operator_id': 1823251391, 'message_id': -1621166235}
09-30 02:37:54 [SUCCESS] nonebot | ONEBOT V11 2779948020 | [notice.group_recall]: {'time': 1664505419, 'self_id': 2779948020, 'post_type': 'notice', 'notice_type': 'group_recall', 'user_id': 1823251391, 'group_id': 656572661, 'operator_id': 1823251391, 'message_id': -396769293}
09-30 02:37:57 [SUCCESS] nonebot | ONEBOT V11 2779948020 | [message.group.normal]: Message 106407647 from 242427992@[群:656572661] "？"
09-30 02:37:59 [SUCCESS] nonebot | ONEBOT V11 2779948020 | [message.group.normal]: Message 1901106761 from 242427992@[群:656572661] "乐"
09-30 02:37:59 [SUCCESS] nonebot | ONEBOT V11 2779948020 | [notice.notify.poke]: {'time': 1664505479, 'self_id': 2779948020, 'post_type': 'notice', 'notice_type': 'notify', 'sub_type': 'poke', 'user_id': 1790565216, 'group_id': 656572661, 'target_id': 2779948020, 'sender_id': 1790565216}
09-30 02:37:59 [INFO] nonebot | Event will be handled by <Matcher from src.plugins.nonebot_plugin_smart_reply, type=notice, priority=1, temp=False>
09-30 02:38:00 [INFO] nonebot | Matcher <Matcher from src.plugins.nonebot_plugin_smart_reply, type=notice, priority=1, temp=False> running complete
09-30 02:38:01 [SUCCESS] nonebot | ONEBOT V11 2779948020 | [message.group.normal]: Message -1763132594 from 1823251391@[群:656572661] "来点攻击力"
09-30 02:38:01 [INFO] nonebot | Event will be handled by <Matcher from src.plugins.nonebot_pulgin_autoagree, type=message, priority=99, temp=False>
09-30 02:38:01 [INFO] nonebot | Matcher <Matcher from src.plugins.nonebot_pulgin_autoagree, type=message, priority=99, temp=False> running complete
09-30 02:38:01 [INFO] nonebot | Event will be handled by <Matcher from src.plugins.nonebot_plugin_smart_reply, type=message, priority=99, temp=False>
09-30 02:38:05 [INFO] src | 来自青云客的智能回复: 我不是大便，我的粉丝也不是苍蝇
09-30 02:38:05 [INFO] nonebot | Matcher <Matcher from src.plugins.nonebot_plugin_smart_reply, type=message, priority=99, temp=False> running complete
09-30 02:38:10 [SUCCESS] nonebot | ONEBOT V11 2779948020 | [message.group.normal]: Message -2128084419 from 1823251391@[群:656572661] "？"
09-30 02:38:15 [SUCCESS] nonebot | ONEBOT V11 2779948020 | [message.group.normal]: Message 404837255 from 242427992@[群:656572661] "把一哥文案偷走"
09-30 02:38:15 [SUCCESS] nonebot | ONEBOT V11 2779948020 | [message.group.normal]: Message 1864786705 from 1823251391@[群:656572661] "好骂"
09-30 02:38:45 [SUCCESS] nonebot | ONEBOT V11 2779948020 | [message.group.normal]: Message -247269710 from 1790565216@[群:656572661] "来点攻击力"
09-30 02:38:45 [INFO] nonebot | Event will be handled by <Matcher from src.plugins.nonebot_pulgin_autoagree, type=message, priority=99, temp=False>
09-30 02:38:45 [INFO] nonebot | Matcher <Matcher from src.plugins.nonebot_pulgin_autoagree, type=message, priority=99, temp=False> running complete
09-30 02:38:45 [INFO] nonebot | Event will be handled by <Matcher from src.plugins.nonebot_plugin_smart_reply, type=message, priority=99, temp=False>
09-30 02:38:48 [INFO] src | 来自青云客的智能回复: 我就一个脑袋，思想再活跃也有局限性
09-30 02:38:49 [INFO] nonebot | Matcher <Matcher from src.plugins.nonebot_plugin_smart_reply, type=message, priority=99, temp=False> running complete
09-30 02:39:01 [SUCCESS] nonebot | ONEBOT V11 2779948020 | [notice.notify.poke]: {'time': 1664505540, 'self_id': 2779948020, 'post_type': 'notice', 'notice_type': 'notify', 'sub_type': 'poke', 'user_id': 1378005996, 'group_id': 656572661, 'target_id': 2779948020, 'sender_id': 1378005996}
09-30 02:39:01 [INFO] nonebot | Event will be handled by <Matcher from src.plugins.nonebot_plugin_smart_reply, type=notice, priority=1, temp=False>
09-30 02:39:01 [INFO] nonebot | Matcher <Matcher from src.plugins.nonebot_plugin_smart_reply, type=notice, priority=1, temp=False> running complete
09-30 02:39:05 [SUCCESS] nonebot | ONEBOT V11 2779948020 | [notice.notify.poke]: {'time': 1664505545, 'self_id': 2779948020, 'post_type': 'notice', 'notice_type': 'notify', 'sub_type': 'poke', 'user_id': 1823251391, 'group_id': 656572661, 'target_id': 2779948020, 'sender_id': 1823251391}
09-30 02:39:05 [INFO] nonebot | Event will be handled by <Matcher from src.plugins.nonebot_plugin_smart_reply, type=notice, priority=1, temp=False>
09-30 02:39:05 [INFO] nonebot | Matcher <Matcher from src.plugins.nonebot_plugin_smart_reply, type=notice, priority=1, temp=False> running complete
09-30 02:39:12 [SUCCESS] nonebot | ONEBOT V11 2779948020 | [message.group.normal]: Message -118179175 from 1378005996@[群:656572661] "[CQ:image,file=43e933ca575ddb8a2bfbf5f441b99f3d.image,subType=1,url=https://gchat.qpic.cn/gchatpic_new/1378005996/656572661-2664272396-43E933CA575DDB8A2BFBF5F441B99F3D/0?term=3]"
09-30 02:39:33 [SUCCESS] nonebot | ONEBOT V11 2779948020 | [notice.notify.poke]: {'time': 1664505573, 'self_id': 2779948020, 'post_type': 'notice', 'notice_type': 'notify', 'sub_type': 'poke', 'user_id': 242427992, 'group_id': 656572661, 'target_id': 2779948020, 'sender_id': 242427992}
09-30 02:39:33 [INFO] nonebot | Event will be handled by <Matcher from src.plugins.nonebot_plugin_smart_reply, type=notice, priority=1, temp=False>
09-30 02:39:33 [INFO] nonebot | Matcher <Matcher from src.plugins.nonebot_plugin_smart_reply, type=notice, priority=1, temp=False> running complete
09-30 02:39:37 [SUCCESS] nonebot | ONEBOT V11 2779948020 | [message.group.normal]: Message -1183931284 from 1823251391@[群:656572661] "我把狼人杀插件删了吧"
09-30 02:39:43 [SUCCESS] nonebot | ONEBOT V11 2779948020 | [message.group.normal]: Message -831941382 from 1823251391@[群:656572661] "不然号真没了"
09-30 02:39:55 [SUCCESS] nonebot | ONEBOT V11 2779948020 | [message.group.normal]: Message 1465959744 from 242427992@[群:656572661] "怎么了？"
09-30 02:40:00 [SUCCESS] nonebot | ONEBOT V11 2779948020 | [message.group.normal]: Message 543684054 from 1790565216@[群:656572661] "真垃圾"
09-30 02:40:07 [SUCCESS] nonebot | ONEBOT V11 2779948020 | [message.group.normal]: Message -1107074955 from 1823251391@[群:656572661] "好像老私发容易被ban"
09-30 02:40:13 [SUCCESS] nonebot | ONEBOT V11 2779948020 | [message.group.normal]: Message -922464029 from 242427992@[群:656572661] "[CQ:face,id=277]"
09-30 02:40:14 [SUCCESS] nonebot | ONEBOT V11 2779948020 | [message.group.normal]: Message 1343029593 from 1823251391@[群:656572661] "/背单词"
09-30 02:40:14 [INFO] nonebot | Event will be handled by <Matcher from src.plugins.nonebot_plugin_wordsnorote, type=message, priority=1, temp=False>
{'单词序号': 41, '单词': 'policy', '词义': 'n.政策， 方针 A ', '例句1': '...plans that include changes in foreign policy and economic reforms.', '例句1翻译': '…包括外交政策调整和经济改革的计划。', '英标': "'pɒləsi", '读音': 'https://dict.youdao.com/dictvoice?audio=policy&type=1'}
{'单词序号': 42, '单词': 'resume', '词义': 'v.再继续， 重新开始 < ', '例句1': 'She hopes to resume work after the baby is born.', '例句1翻译': '她想生完孩子后继续工作。', '英标': "rɪ'zuːm", '读音': 'https://dict.youdao.com/dictvoice?audio=resume&type=1'}
{'单词序号': 43, '单词': 'posture', '词义': 'vi.摆出姿势， 装模作样 n.姿势， 体态；看法， 态度 ', '例句1': 'She says the president may just be posturing.', '例句1翻译': '她说总统也许只是在作态。', '英标': "'pɒstʃə", '读音': 'https://dict.youdao.com/dictvoice?audio=posture&type=1'}
{'单词序号': 44, '单词': 'spiral', '词义': 'vi.盘旋上升；不断急剧地上升 adj.螺旋形的； 盘旋的 A n.螺旋； 螺旋式的上升 A < ', '例句1': 'Crime has spiraled out of control .', '例句1翻译': '犯罪活动激增，已经失控。', '英标': "'spaɪrəl", '读音': 'https://dict.youdao.com/dictvoice?audio=spiral&type=1'}
{'单词序号': 45, '单词': 'artistic', '词义': 'adj.艺术的， 美术的 ', '例句1': 'artistic work', '例句1翻译': '艺术作品', '英标': "ɑː'tɪstɪk", '读音': 'https://dict.youdao.com/dictvoice?audio=artistic&type=1'}
{'单词序号': 46, '单词': 'vocation', '词义': 'n.职业， 行业 ', '例句1': 'At 17 she found her true vocation as a writer.', '例句1翻译': '17岁时她找到了自己真正的使命——当一名作家。', '英标': "və'keɪʃn", '读音': 'https://dict.youdao.com/dictvoice?audio=vocation&type=1'}
{'单词序号': 47, '单词': 'halt', '词义': 'v.止步， 停止 n.止步， 停步， 停止前进 ', '例句1': 'The government has failed to halt economic decline.', '例句1翻译': '政府没能阻止经济衰退。', '英标': 'hɔːlt', '读音': 'https://dict.youdao.com/dictvoice?audio=halt&type=1'}
{'单词序号': 48, '单词': 'sunset', '词义': 'n.日落 ', '例句1': 'a glorious sunset', '例句1翻译': '壮丽的日落景象', '英标': "'sʌnset", '读音': 'https://dict.youdao.com/dictvoice?audio=sunset&type=1'}
{'单词序号': 49, '单词': 'obvious', '词义': 'adj.明显的， 显而易见的 ', '例句1': 'The obvious way of reducing pollution is to use cars less.', '例句1翻译': '减少污染显而易见的办法就是少用汽车。', '英标': "'ɒbviəs", '读音': 'https://dict.youdao.com/dictvoice?audio=obvious&type=1'}
{'单词序号': 50, '单词': 'surgery', '词义': 'n.外科， 外科学； 外科手术治疗；手术室， 诊疗室 ', '例句1': 'Dr. Hanson is in surgery.', '例句1翻译': '汉森医生在手术室。', '英标': "'sɜːdʒəri", '读音': 'https://dict.youdao.com/dictvoice?audio=surgery&type=1'}
{'单词序号': 51, '单词': 'violent', '词义': 'adj.猛烈的， 激烈的；暴力引起的， 强暴的 < ', '例句1': 'the increase in violent crime', '例句1翻译': '暴力犯罪的增多', '英标': "'vaɪələnt", '读音': 'https://dict.youdao.com/dictvoice?audio=violent&type=1'}
{'单词序号': 52, '单词': 'resolve', '词义': 'v.决心， 决定 <；分解， 溶解；决议；解决 n.解决， 解答；决心；决议 ', '例句1': 'Barnet was desperate for money to resolve his financial problems.', '例句1翻译': '巴尼特急需钱来解决他的经济问题。', '英标': "rɪ'zɒlv", '读音': 'https://dict.youdao.com/dictvoice?audio=resolve&type=1'}
{'单词序号': 53, '单词': 'confront', '词义': 'vt.使面临， 使遭遇；面对 ', '例句1': 'The problems confronting the new government were enormous.', '例句1翻译': '新政府面临的难题是巨大的。', '英标': "kən'frʌnt", '读音': 'https://dict.youdao.com/dictvoice?audio=confront&type=1'}
{'单词序号': 54, '单词': 'faithful', '词义': 'adj.守信的， 忠实的； 如实的 ', '例句1': 'a faithful friend', '例句1翻译': '忠诚的朋友', '英标': "'feɪθfl", '读音': 'https://dict.youdao.com/dictvoice?audio=faithful&type=1'}
{'单词序号': 55, '单词': 'reproduce', '词义': 'vi.生殖， 繁殖 vt.翻版； 复制， 仿造 ', '例句1': 'The turtles return to the coast to reproduce.', '例句1翻译': '海龟回到岸上繁殖。', '英标': "ˌriːprə'djuːs", '读音': 'https://dict.youdao.com/dictvoice?audio=reproduce&type=1'}
{'单词序号': 56, '单词': 'huddle', '词义': 'v.聚集在一起， 挤作一团 n.挤在一起的人， 一堆杂乱的东西 ', '例句1': 'We lay huddled together for warmth.', '例句1翻译': '我们紧紧挤在一起取暖。', '英标': "'hʌdl", '读音': 'https://dict.youdao.com/dictvoice?audio=huddle&type=1'}
{'单词序号': 57, '单词': 'skeleton', '词义': 'n.骨骼； 骨架； 框架；梗概， 提要 ', '例句1': 'We agreed on a skeleton outline of the proposal.', '例句1翻译': '我们给提案商定了一个基本框架。', '英标': "'skelɪtn", '读音': 'https://dict.youdao.com/dictvoice?audio=skeleton&type=1'}
{'单词序号': 58, '单词': 'illiterate', '词义': 'adj.文盲的， 未受教育的 ', '例句1': 'It was an illiterate letter, full of mistakes.', '例句1翻译': '这封信文笔拙劣，错误连篇。', '英标': "ɪ'lɪtərət", '读音': 'https://dict.youdao.com/dictvoice?audio=illiterate&type=1'}
{'单词序号': 59, '单词': 'intersection', '词义': 'n.十字路口； 交点 ', '例句1': 'We crossed at a busy intersection.', '例句1翻译': '我们穿过了一个繁忙的道路交叉口。', '英标': "ˌɪntə'sekʃn", '读音': 'https://dict.youdao.com/dictvoice?audio=intersection&type=1'}
{'单词序号': 60, '单词': 'scholarship', '词义': 'n.奖学金 A；学问， 学识 ', '例句1': 'Her latest publication is a fine piece of scholarship.', '例句1翻译': '她最新出版的作品是一部优秀的学术著作。', '英标': "'skɒləʃɪp", '读音': 'https://dict.youdao.com/dictvoice?audio=scholarship&type=1'}
{'单词序号': 61, '单词': 'besides', '词义': 'adv.而且， 还有 prep.除…之外 ', '例句1': 'I need the money. And besides, when I agree to do something, I do it.', '例句1翻译': '我需要这笔钱，而且，我一旦答应做什么事情就会做到。', '英标': "bɪ'saɪdz", '读音': 'https://dict.youdao.com/dictvoice?audio=besides&type=1'}
{'单词序号': 62, '单词': 'preposition', '词义': 'n.介词 ', '例句1': 'There is nothing in the rules of grammar to suggest that ending a sentence with a preposition is wrong.', '例句1翻译': '在语法规则中没有哪一条表明以介词结束一个句子是错误的。', '英标': "ˌprepə'zɪʃn", '读音': 'https://dict.youdao.com/dictvoice?audio=preposition&type=1'}
{'单词序号': 63, '单词': 'disperse', '词义': 'v.分散， 驱散， 解散 < ', '例句1': 'Police used tear gas to disperse the crowd.', '例句1翻译': '警察用催泪瓦斯驱散人群。', '英标': "dɪ'spɜːs", '读音': 'https://dict.youdao.com/dictvoice?audio=disperse&type=1'}
{'单词序号': 64, '单词': 'implement', '词义': 'vt.使生效； 实施； 执行， 贯彻 < n.工具， 器具 ', '例句1': 'The government promised to implement a new system to control financial loan institutions.', '例句1翻译': '政府许诺要实施新的制度来控制金融贷款机构。', '英标': "'ɪmplɪm3nt", '读音': 'https://dict.youdao.com/dictvoice?audio=implement&type=1'}
{'单词序号': 65, '单词': 'export', '词义': 'v.输出， 出口 n.输出， 出口；出口商品 ', '例句1': 'Italian food has been exported all over the world.', '例句1翻译': '意大利食品已传遍世界。', '英标': 'ˈekspɔːt；ɪkˈ-', '读音': 'https://dict.youdao.com/dictvoice?audio=export&type=1'}
{'单词序号': 66, '单词': 'fantasy', '词义': 'n.想象， 幻想；幻想的产物 ', '例句1': 'I used to have fantasies about living in Paris with an artist.', '例句1翻译': '我过去常幻想着在巴黎与一位艺术家同住。', '英标': "'fæntəsi", '读音': 'https://dict.youdao.com/dictvoice?audio=fantasy&type=1'}
{'单词序号': 67, '单词': 'sane', '词义': 'adj.理智的， 明智的， 清醒的；心智健全的；合情合理的 ', '例句1': 'He seems perfectly sane (= completely sane ) to me.', '例句1翻译': '在我看来他神志完全正常。', '英标': 'seɪn', '读音': 'https://dict.youdao.com/dictvoice?audio=sane&type=1'}
{'单词序号': 68, '单词': 'frustrate', '词义': 'vt.使灰心； 挫败； 阻挠 ', '例句1': 'Their attempts to speak to him were frustrated by the guards.', '例句1翻译': '他们想跟他说话，但被警卫拦住了。', '英标': "frʌ'streɪt", '读音': 'https://dict.youdao.com/dictvoice?audio=frustrate&type=1'}
{'单词序号': 69, '单词': 'gorgeous', '词义': 'adj.华丽的， 绚丽的；令人十分愉快的， 极好的 ', '例句1': 'a gorgeous cake', '例句1翻译': '漂亮的蛋糕', '英标': "'gɔːdʒəs", '读音': 'https://dict.youdao.com/dictvoice?audio=gorgeous&type=1'}
{'单词序号': 70, '单词': 'erosion', '词义': 'n.腐蚀， 磨损；削弱， 减少 ', '例句1': 'the problem of soil erosion', '例句1翻译': '水土流失的问题', '英标': "ɪ'rəuʒn", '读音': 'https://dict.youdao.com/dictvoice?audio=erosion&type=1'}
{'单词序号': 71, '单词': 'ascend', '词义': 'v.上升 ', '例句1': 'The plane ascended rapidly.', '例句1翻译': '飞机迅速爬升。', '英标': "ə'send", '读音': 'https://dict.youdao.com/dictvoice?audio=ascend&type=1'}
{'单词序号': 72, '单词': 'harm', '词义': 'n.伤害， 损害， 危害 vt.伤害， 损害， 危害 ', '例句1': 'The scandal did his career a lot of harm.', '例句1翻译': '丑闻对他的职业生涯造成很大损害。', '英标': 'hɑːm', '读音': 'https://dict.youdao.com/dictvoice?audio=harm&type=1'}
{'单词序号': 73, '单词': 'provided', '词义': 'conj.倘若， 只要， 假如 < ', '例句1': 'He can come with us, provided he pays for his own meals.', '例句1翻译': '只要他付自己的饭钱，就可以跟我们一起来。', '英标': "prə'vaɪdɪd", '读音': 'https://dict.youdao.com/dictvoice?audio=provided&type=1'}
{'单词序号': 74, '单词': 'indispensable', '词义': 'adj.必不可少的， 必需的 ', '例句1': 'Mobile phones have become an indispensable part of our lives.', '例句1翻译': '移动电话已经成为我们生活中的必需品。', '英标': "ˌɪndɪ'spensəbl", '读音': 'https://dict.youdao.com/dictvoice?audio=indispensable&type=1'}
{'单词序号': 75, '单词': 'lens', '词义': 'n.透镜； 镜头 ', '例句1': 'a standard 50mm lens', '例句1翻译': '50毫米标准镜头', '英标': 'lenz', '读音': 'https://dict.youdao.com/dictvoice?audio=lens&type=1'}
{'单词序号': 76, '单词': 'embody', '词义': 'vt.体现， 使具体化 ', '例句1': 'She embodies everything I admire in a teacher.', '例句1翻译': '她具备了我所钦佩的教师该具备的一切素质。', '英标': "ɪm'bɒdi", '读音': 'https://dict.youdao.com/dictvoice?audio=embody&type=1'}
{'单词序号': 77, '单词': 'nowhere', '词义': 'adv.任何地方都不， 没有地方 < ', '例句1': 'Nowhere is drug abuse more of a problem than in the US.', '例句1翻译': '没有什么地方的吸毒问题比美国更严重。', '英标': "'nəuweə", '读音': 'https://dict.youdao.com/dictvoice?audio=nowhere&type=1'}
{'单词序号': 78, '单词': 'motive', '词义': 'adj.发动的； 运动的 n.动机， 目的 A ', '例句1': 'Water provided the motive power for the mill.', '例句1翻译': '水为磨坊提供了动力。', '英标': "'məutɪv", '读音': 'https://dict.youdao.com/dictvoice?audio=motive&type=1'}
{'单词序号': 79, '单词': 'romantic', '词义': 'adj.浪漫的， 传奇式的；不切实际的， 好幻想的 ', '例句1': '‘Tom always sends me red roses on my birthday.’ ‘How romantic!’', '例句1翻译': '“我过生日时汤姆总是给我送红玫瑰。”“多浪漫啊！”', '英标': "rəu'mæntɪk", '读音': 'https://dict.youdao.com/dictvoice?audio=romantic&type=1'}
{'单词序号': 80, '单词': 'envisage', '词义': 'vt.展望， 想象；正视 ', '例句1': 'The scheme cost a lot more than we had originally envisaged.', '例句1翻译': '该计划的花费大大超出了我们最初所预想的数额。', '英标': "ɪn'vɪzɪdʒ", '读音': 'https://dict.youdao.com/dictvoice?audio=envisage&type=1'}
09-30 02:40:19 [INFO] nonebot | Matcher <Matcher from src.plugins.nonebot_plugin_wordsnorote, type=message, priority=1, temp=False> running complete
09-30 02:41:16 [SUCCESS] nonebot | ONEBOT V11 2779948020 | [message.group.normal]: Message -680352325 from 1439740540@[群:656572661] "来点疯狂星期四文案"
09-30 02:41:16 [INFO] nonebot | Event will be handled by <Matcher from src.plugins.nonebot_pulgin_autoagree, type=message, priority=99, temp=False>
09-30 02:41:16 [INFO] nonebot | Matcher <Matcher from src.plugins.nonebot_pulgin_autoagree, type=message, priority=99, temp=False> running complete
09-30 02:41:16 [INFO] nonebot | Event will be handled by <Matcher from src.plugins.nonebot_plugin_smart_reply, type=message, priority=99, temp=False>
09-30 02:41:19 [INFO] src | 小爱不知道哦
09-30 02:41:19 [INFO] src | 来自青云客的智能回复: 问世间情为何物，只教人生死相随
09-30 02:41:20 [INFO] nonebot | Matcher <Matcher from src.plugins.nonebot_plugin_smart_reply, type=message, priority=99, temp=False> running complete
09-30 02:41:29 [SUCCESS] nonebot | ONEBOT V11 2779948020 | [message.group.normal]: Message 964478103 from 1790565216@[群:656572661] "疯狂星期四"
09-30 02:41:29 [INFO] nonebot | Event will be handled by <Matcher from src.plugins.nonebot_pulgin_autoagree, type=message, priority=99, temp=False>
09-30 02:41:29 [INFO] nonebot | Matcher <Matcher from src.plugins.nonebot_pulgin_autoagree, type=message, priority=99, temp=False> running complete
09-30 02:41:29 [INFO] nonebot | Event will be handled by <Matcher from src.plugins.nonebot_plugin_smart_reply, type=message, priority=99, temp=False>
09-30 02:41:30 [INFO] src | 来自小爱同学的智能回复: 该梗源自肯德基的疯狂星期四活动。疯狂星期四是肯德基的固定活动，每周四肯德基的优惠都很大，吮指原味鸡加黄金脆皮鸡才九块九。于是每到周四都会有人发小作文说自己想‌‌​​‌‌‌‌​​​​​‌​‌‌‌‌‌吃肯德基，卖惨或者耍宝，试图白嫖。这些千奇百怪的文案也被称为疯狂星期四文学。
09-30 02:41:30 [INFO] nonebot | Matcher <Matcher from src.plugins.nonebot_plugin_smart_reply, type=message, priority=99, temp=False> running complete
09-30 02:43:04 [SUCCESS] nonebot | ONEBOT V11 2779948020 | [message.group.normal]: Message -803249758 from 242427992@[群:656572661] "为什么要悲观吖"
09-30 02:43:04 [INFO] nonebot | Event will be handled by <Matcher from src.plugins.nonebot_pulgin_autoagree, type=message, priority=99, temp=False>
09-30 02:43:04 [INFO] nonebot | Matcher <Matcher from src.plugins.nonebot_pulgin_autoagree, type=message, priority=99, temp=False> running complete
09-30 02:43:04 [INFO] nonebot | Event will be handled by <Matcher from src.plugins.nonebot_plugin_smart_reply, type=message, priority=99, temp=False>
09-30 02:43:08 [INFO] src | 小爱不知道哦
09-30 02:43:08 [INFO] src | 来自青云客的智能回复: 要就要呗，这么多问，真的是
09-30 02:43:09 [INFO] nonebot | Matcher <Matcher from src.plugins.nonebot_plugin_smart_reply, type=message, priority=99, temp=False> running complete
09-30 02:43:22 [SUCCESS] nonebot | ONEBOT V11 2779948020 | [message.group.normal]: Message 1041301646 from 1823251391@[群:656572661] "为什么要悲观啊"
09-30 02:43:22 [INFO] nonebot | Event will be handled by <Matcher from src.plugins.nonebot_pulgin_autoagree, type=message, priority=99, temp=False>
09-30 02:43:22 [INFO] nonebot | Matcher <Matcher from src.plugins.nonebot_pulgin_autoagree, type=message, priority=99, temp=False> running complete
09-30 02:43:22 [INFO] nonebot | Event will be handled by <Matcher from src.plugins.nonebot_plugin_smart_reply, type=message, priority=99, temp=False>
09-30 02:43:23 [SUCCESS] nonebot | ONEBOT V11 2779948020 | [message.group.normal]: Message -1364320993 from 242427992@[群:656572661] "为什么要悲观"
09-30 02:43:23 [INFO] nonebot | Event will be handled by <Matcher from src.plugins.nonebot_pulgin_autoagree, type=message, priority=99, temp=False>
09-30 02:43:23 [INFO] nonebot | Matcher <Matcher from src.plugins.nonebot_pulgin_autoagree, type=message, priority=99, temp=False> running complete
09-30 02:43:23 [INFO] nonebot | Event will be handled by <Matcher from src.plugins.nonebot_plugin_smart_reply, type=message, priority=99, temp=False>
09-30 02:43:25 [INFO] src | 来自青云客的智能回复: 要就要呗，这么多问，真的是
09-30 02:43:26 [INFO] nonebot | Matcher <Matcher from src.plugins.nonebot_plugin_smart_reply, type=message, priority=99, temp=False> running complete
09-30 02:43:28 [INFO] src | 小爱不知道哦
09-30 02:43:28 [INFO] src | 来自青云客的智能回复: 要就要呗，这么多问，真的是
09-30 02:43:28 [INFO] nonebot | Matcher <Matcher from src.plugins.nonebot_plugin_smart_reply, type=message, priority=99, temp=False> running complete
09-30 02:43:33 [SUCCESS] nonebot | ONEBOT V11 2779948020 | [message.group.normal]: Message -60819848 from 242427992@[群:656572661] "乐"
09-30 02:43:49 [SUCCESS] nonebot | ONEBOT V11 2779948020 | [message.group.normal]: Message 1700177858 from 242427992@[群:656572661] "你也是afu？"
09-30 02:43:49 [INFO] nonebot | Event will be handled by <Matcher from src.plugins.nonebot_pulgin_autoagree, type=message, priority=99, temp=False>
09-30 02:43:49 [INFO] nonebot | Matcher <Matcher from src.plugins.nonebot_pulgin_autoagree, type=message, priority=99, temp=False> running complete
09-30 02:43:49 [INFO] nonebot | Event will be handled by <Matcher from src.plugins.nonebot_plugin_smart_reply, type=message, priority=99, temp=False>
09-30 02:43:51 [INFO] src | 来自小爱同学的智能回复: 大概是吧
09-30 02:43:51 [INFO] nonebot | Matcher <Matcher from src.plugins.nonebot_plugin_smart_reply, type=message, priority=99, temp=False> running complete
09-30 02:43:53 [SUCCESS] nonebot | ONEBOT V11 2779948020 | [message.group.normal]: Message -1942682889 from 1439740540@[群:656572661] "为什么悲观"
09-30 02:43:53 [INFO] nonebot | Event will be handled by <Matcher from src.plugins.nonebot_pulgin_autoagree, type=message, priority=99, temp=False>
09-30 02:43:53 [INFO] nonebot | Matcher <Matcher from src.plugins.nonebot_pulgin_autoagree, type=message, priority=99, temp=False> running complete
09-30 02:43:53 [INFO] nonebot | Event will be handled by <Matcher from src.plugins.nonebot_plugin_smart_reply, type=message, priority=99, temp=False>
09-30 02:43:55 [INFO] src | 来自小爱同学的智能回复: 因为绝望了,麻木了...想不开是因为你的心胸不够扩达。想不通是因为你的心胸比较狭窄。性格在一个人的事业成功与命运起了重要的作用。只要人还没有死，什么事都好解决。
09-30 02:43:55 [INFO] nonebot | Matcher <Matcher from src.plugins.nonebot_plugin_smart_reply, type=message, priority=99, temp=False> running complete
09-30 02:44:10 [SUCCESS] nonebot | ONEBOT V11 2779948020 | [message.group.normal]: Message 1648059355 from 242427992@[群:656572661] "[CQ:image,file=1e21956d77da2690563083960a65c814.image,subType=0,url=https://gchat.qpic.cn/gchatpic_new/242427992/656572661-2786973894-1E21956D77DA2690563083960A65C814/0?term=3]"
09-30 02:44:31 [SUCCESS] nonebot | ONEBOT V11 2779948020 | [message.group.normal]: Message 356275021 from 242427992@[群:656572661] "你也到处睡觉？"
09-30 02:44:31 [INFO] nonebot | Event will be handled by <Matcher from src.plugins.nonebot_pulgin_autoagree, type=message, priority=99, temp=False>
09-30 02:44:31 [INFO] nonebot | Matcher <Matcher from src.plugins.nonebot_pulgin_autoagree, type=message, priority=99, temp=False> running complete
09-30 02:44:31 [INFO] nonebot | Event will be handled by <Matcher from src.plugins.nonebot_plugin_smart_reply, type=message, priority=99, temp=False>
09-30 02:44:34 [INFO] src | 来自青云客的智能回复: 你不觉得这个话题没什么意思么
09-30 02:44:34 [INFO] nonebot | Matcher <Matcher from src.plugins.nonebot_plugin_smart_reply, type=message, priority=99, temp=False> running complete
09-30 02:44:56 [SUCCESS] nonebot | ONEBOT V11 2779948020 | [message.group.normal]: Message -226197942 from 242427992@[群:656572661] "乐"
09-30 02:45:11 [SUCCESS] nonebot | ONEBOT V11 2779948020 | [message.group.normal]: Message -1841039441 from 242427992@[群:656572661] "你玩破轮能留一个吗"
09-30 02:45:11 [INFO] nonebot | Event will be handled by <Matcher from src.plugins.nonebot_pulgin_autoagree, type=message, priority=99, temp=False>
09-30 02:45:11 [INFO] nonebot | Matcher <Matcher from src.plugins.nonebot_pulgin_autoagree, type=message, priority=99, temp=False> running complete
09-30 02:45:11 [INFO] nonebot | Event will be handled by <Matcher from src.plugins.nonebot_plugin_smart_reply, type=message, priority=99, temp=False>
09-30 02:45:16 [INFO] src | 小爱不知道哦
09-30 02:45:16 [INFO] src | 来自青云客的智能回复: 你一开口，我就知道结果，你就不能搞点新创意出来嘛
09-30 02:45:17 [INFO] nonebot | Matcher <Matcher from src.plugins.nonebot_plugin_smart_reply, type=message, priority=99, temp=False> running complete
09-30 02:45:24 [SUCCESS] nonebot | ONEBOT V11 2779948020 | [message.group.normal]: Message 2085459587 from 1823251391@[群:656572661] "薄纱"
09-30 02:45:29 [SUCCESS] nonebot | ONEBOT V11 2779948020 | [message.group.normal]: Message 189441557 from 1823251391@[群:656572661] "好骂"
09-30 02:45:29 [INFO] nonebot | Event will be handled by <Matcher from src.plugins.nonebot_pulgin_autoagree, type=message, priority=99, temp=False>
09-30 02:45:29 [INFO] nonebot | Matcher <Matcher from src.plugins.nonebot_pulgin_autoagree, type=message, priority=99, temp=False> running complete
09-30 02:45:29 [INFO] nonebot | Event will be handled by <Matcher from src.plugins.nonebot_plugin_smart_reply, type=message, priority=99, temp=False>
09-30 02:45:33 [INFO] src | 来自小爱同学的智能回复: 看你那么生气，让我抱抱好嘛？
09-30 02:45:34 [INFO] nonebot | Matcher <Matcher from src.plugins.nonebot_plugin_smart_reply, type=message, priority=99, temp=False> running complete
09-30 02:45:41 [SUCCESS] nonebot | ONEBOT V11 2779948020 | [message.group.normal]: Message -500628704 from 242427992@[群:656572661] "乐"
09-30 02:45:43 [SUCCESS] nonebot | ONEBOT V11 2779948020 | [message.group.normal]: Message 2065715866 from 242427992@[群:656572661] " "
09-30 02:45:44 [SUCCESS] nonebot | ONEBOT V11 2779948020 | [message.group.normal]: Message 203907596 from 1823251391@[群:656572661] "好的"
09-30 02:45:44 [INFO] nonebot | Event will be handled by <Matcher from src.plugins.nonebot_pulgin_autoagree, type=message, priority=99, temp=False>
09-30 02:45:44 [INFO] nonebot | Matcher <Matcher from src.plugins.nonebot_pulgin_autoagree, type=message, priority=99, temp=False> running complete
09-30 02:45:44 [INFO] nonebot | Event will be handled by <Matcher from src.plugins.nonebot_plugin_smart_reply, type=message, priority=99, temp=False>
09-30 02:45:44 [INFO] src | 来自小爱同学的智能回复: 你说好就好，我听你的，
09-30 02:45:45 [INFO] nonebot | Matcher <Matcher from src.plugins.nonebot_plugin_smart_reply, type=message, priority=99, temp=False> running complete
09-30 02:46:00 [SUCCESS] nonebot | ONEBOT V11 2779948020 | [message.group.normal]: Message -341881077 from 242427992@[群:656572661] "锐评一下水厂"
09-30 02:46:00 [INFO] nonebot | Event will be handled by <Matcher from src.plugins.nonebot_pulgin_autoagree, type=message, priority=99, temp=False>
09-30 02:46:00 [INFO] nonebot | Matcher <Matcher from src.plugins.nonebot_pulgin_autoagree, type=message, priority=99, temp=False> running complete
09-30 02:46:00 [INFO] nonebot | Event will be handled by <Matcher from src.plugins.nonebot_plugin_smart_reply, type=message, priority=99, temp=False>
09-30 02:46:01 [INFO] src | 来自小爱同学的智能回复: 对不起，暂不支持该功能，你和我聊点儿别的吧
09-30 02:46:01 [INFO] nonebot | Matcher <Matcher from src.plugins.nonebot_plugin_smart_reply, type=message, priority=99, temp=False> running complete
09-30 02:46:18 [SUCCESS] nonebot | ONEBOT V11 2779948020 | [message.group.normal]: Message 1658641398 from 242427992@[群:656572661] "功能"
09-30 02:46:18 [INFO] nonebot | Event will be handled by <Matcher from src.plugins.nonebot_pulgin_autoagree, type=message, priority=99, temp=False>
09-30 02:46:18 [INFO] nonebot | Matcher <Matcher from src.plugins.nonebot_pulgin_autoagree, type=message, priority=99, temp=False> running complete
09-30 02:46:18 [INFO] nonebot | Event will be handled by <Matcher from src.plugins.nonebot_plugin_smart_reply, type=message, priority=99, temp=False>
09-30 02:46:23 [INFO] src | 来自小爱同学的智能回复: 没有什么功能
09-30 02:46:23 [INFO] nonebot | Matcher <Matcher from src.plugins.nonebot_plugin_smart_reply, type=message, priority=99, temp=False> running complete
09-30 02:46:29 [SUCCESS] nonebot | ONEBOT V11 2779948020 | [message.group.normal]: Message -1932346662 from 242427992@[群:656572661] "..."
09-30 02:47:09 [SUCCESS] nonebot | NoneBot is initializing...
09-30 02:47:09 [INFO] nonebot | Current Env: prod
09-30 02:47:11 [SUCCESS] nonebot | Succeeded to import "nonebot_pulgin_autoagree"
09-30 02:47:11 [SUCCESS] nonebot | Succeeded to import "nonebot_plugin_smart_reply"
09-30 02:47:11 [SUCCESS] nonebot | Succeeded to import "auto_repley"
09-30 02:47:11 [SUCCESS] nonebot | Succeeded to import "nonebot_plugin_wordsnorote"
09-30 02:47:11 [SUCCESS] nonebot | Running NoneBot...
09-30 02:47:12 [INFO] uvicorn | Started server process [1243]
09-30 02:47:12 [INFO] uvicorn | Waiting for application startup.
09-30 02:47:12 [INFO] uvicorn | Application startup complete.
09-30 02:47:12 [INFO] uvicorn | Uvicorn running on http://127.0.0.1:59001 (Press CTRL+C to quit)
09-30 02:47:18 [INFO] uvicorn | ('127.0.0.1', 56040) - "WebSocket /onebot/v11/ws" [accepted]
09-30 02:47:18 [INFO] nonebot | OneBot V11 | Bot 2779948020 connected
09-30 02:47:18 [INFO] websockets | connection open
09-30 02:47:47 [SUCCESS] nonebot | ONEBOT V11 2779948020 | [message.group.normal]: Message 313929593 from 1439740540@[群:656572661] "自毁"
09-30 02:47:47 [INFO] nonebot | Event will be handled by <Matcher from src.plugins.nonebot_pulgin_autoagree, type=message, priority=99, temp=False>
09-30 02:47:47 [INFO] nonebot | Matcher <Matcher from src.plugins.nonebot_pulgin_autoagree, type=message, priority=99, temp=False> running complete
09-30 02:47:47 [INFO] nonebot | Event will be handled by <Matcher from src.plugins.nonebot_plugin_smart_reply, type=message, priority=99, temp=False>
09-30 02:47:48 [INFO] src | 来自小爱同学的智能回复: 永远不会，我觉得生命是很可贵的
09-30 02:47:49 [INFO] nonebot | Matcher <Matcher from src.plugins.nonebot_plugin_smart_reply, type=message, priority=99, temp=False> running complete
09-30 02:47:56 [SUCCESS] nonebot | ONEBOT V11 2779948020 | [message.group.normal]: Message -55030187 from 1439740540@[群:656572661] "可惜"
